<?xml version="1.0" encoding="UTF-8"?>
<!-- Generated by org.testng.reporters.JUnitReportReporter -->
<testsuite hostname="LAPTOP-J5MI10SB" failures="0" tests="1" name="tests.FourTest" time="0.002" errors="0" timestamp="2023-12-27T14:05:41 IST" skipped="0">
  <testcase classname="tests.FourTest" name="FourTest" time="0.002"/>
</testsuite> <!-- tests.FourTest -->
