<?xml version="1.0" encoding="UTF-8"?>
<!-- Generated by org.testng.reporters.JUnitReportReporter -->
<testsuite hostname="LAPTOP-J5MI10SB" failures="0" tests="2" name="tests.LoginTest" time="29.567" errors="0" timestamp="2023-12-27T12:39:39 IST" skipped="0">
  <testcase classname="tests.LoginTest" name="login" time="12.117"/>
  <testcase classname="tests.LoginTest" name="login" time="17.450"/>
</testsuite> <!-- tests.LoginTest -->
