<?xml version="1.0" encoding="UTF-8"?>
<!-- Generated by org.testng.reporters.JUnitReportReporter -->
<testsuite hostname="LAPTOP-J5MI10SB" failures="0" tests="1" name="tests.TwoTest" time="0.000" errors="0" timestamp="2023-12-27T12:39:39 IST" skipped="0">
  <testcase classname="tests.TwoTest" name="TwoTest" time="0.000"/>
</testsuite> <!-- tests.TwoTest -->
