<?xml version="1.0" encoding="UTF-8"?>
<!-- Generated by org.testng.reporters.JUnitReportReporter -->
<testsuite hostname="LAPTOP-J5MI10SB" failures="0" tests="1" name="tests.ThreeTest" time="0.016" errors="0" timestamp="2023-12-27T12:39:39 IST" skipped="0">
  <testcase classname="tests.ThreeTest" name="ThreeTest" time="0.016"/>
</testsuite> <!-- tests.ThreeTest -->
