<?xml version="1.0" encoding="UTF-8"?>
<!-- Generated by org.testng.reporters.JUnitReportReporter -->
<testsuite hostname="LAPTOP-J5MI10SB" failures="0" tests="1" name="tests.FourTest" time="0.000" errors="0" timestamp="2023-12-26T14:40:32 IST" skipped="0">
  <testcase classname="tests.FourTest" name="FourTest" time="0.000"/>
</testsuite> <!-- tests.FourTest -->
