<?xml version="1.0" encoding="UTF-8"?>
<!-- Generated by org.testng.reporters.JUnitReportReporter -->
<testsuite hostname="LAPTOP-J5MI10SB" failures="0" tests="2" name="tests.LoginTest" time="28.243" errors="0" timestamp="2023-12-26T14:40:32 IST" skipped="0">
  <testcase classname="tests.LoginTest" name="login" time="17.442"/>
  <testcase classname="tests.LoginTest" name="login" time="10.801"/>
</testsuite> <!-- tests.LoginTest -->
